{"numFailedTestSuites":0,"numFailedTests":0,"numPassedTestSuites":3,"numPassedTests":8,"numPendingTestSuites":0,"numPendingTests":0,"numRuntimeErrorTestSuites":0,"numTotalTestSuites":3,"numTotalTests":8,"openHandles":[],"snapshot":{"added":0,"didUpdate":false,"failure":false,"filesAdded":0,"filesRemoved":0,"filesUnmatched":0,"filesUpdated":0,"matched":0,"total":0,"unchecked":0,"uncheckedKeysByFile":[],"unmatched":0,"updated":0},"startTime":1530628908056,"success":true,"testResults":[{"console":[{"message":"orient west  West { currentCoordinates: Coordinates { x: 0, y: 0 } }","origin":"E:\\V17\\Prototypes\\Individual\\Andy Ainsworth\\Kata\\JavaScript\\Jest\\es6\\kata-es6-mars-rover\\src\\MarsRover.js:17","type":"log"},{"message":"West stepped 1","origin":"E:\\V17\\Prototypes\\Individual\\Andy Ainsworth\\Kata\\JavaScript\\Jest\\es6\\kata-es6-mars-rover\\src\\Orientations\\West.js:17","type":"log"},{"message":"West stepped to: Coordinates { x: -1, y: 0 }","origin":"E:\\V17\\Prototypes\\Individual\\Andy Ainsworth\\Kata\\JavaScript\\Jest\\es6\\kata-es6-mars-rover\\src\\Orientations\\West.js:19","type":"log"},{"message":"orientation after step West { currentCoordinates: Coordinates { x: -1, y: 0 } }","origin":"E:\\V17\\Prototypes\\Individual\\Andy Ainsworth\\Kata\\JavaScript\\Jest\\es6\\kata-es6-mars-rover\\src\\MarsRover.js:23","type":"log"},{"message":"turn Right at  Coordinates { x: -1, y: 0 }","origin":"E:\\V17\\Prototypes\\Individual\\Andy Ainsworth\\Kata\\JavaScript\\Jest\\es6\\kata-es6-mars-rover\\src\\Orientations\\West.js:11","type":"log"},{"message":"North { currentCoordinates: Coordinates { x: -1, y: 0 } }","origin":"E:\\V17\\Prototypes\\Individual\\Andy Ainsworth\\Kata\\JavaScript\\Jest\\es6\\kata-es6-mars-rover\\src\\Orientations\\West.js:12","type":"log"},{"message":"orientation after step North { currentCoordinates: Coordinates { x: -1, y: 0 } }","origin":"E:\\V17\\Prototypes\\Individual\\Andy Ainsworth\\Kata\\JavaScript\\Jest\\es6\\kata-es6-mars-rover\\src\\MarsRover.js:23","type":"log"}],"failureMessage":null,"numFailingTests":0,"numPassingTests":5,"numPendingTests":0,"perfStats":{"end":1530628909474,"start":1530628908071},"snapshot":{"added":0,"fileDeleted":false,"matched":0,"unchecked":0,"unmatched":0,"updated":0,"uncheckedKeys":[]},"testFilePath":"E:\\V17\\Prototypes\\Individual\\Andy Ainsworth\\Kata\\JavaScript\\Jest\\es6\\kata-es6-mars-rover\\src\\MarsRover.test.js","testResults":[{"ancestorTitles":["A mars rover","that starts at coordinates [0,0]"],"duration":2,"failureMessages":[],"fullName":"A mars rover that starts at coordinates [0,0] is at coordinate [0,0]","location":null,"numPassingAsserts":0,"status":"passed","title":"is at coordinate [0,0]"},{"ancestorTitles":["A mars rover","that starts at coordinates [0,0]","Orients west and steps"],"duration":4,"failureMessages":[],"fullName":"A mars rover that starts at coordinates [0,0] Orients west and steps is at coordinates [-1,0]","location":null,"numPassingAsserts":0,"status":"passed","title":"is at coordinates [-1,0]"},{"ancestorTitles":["A mars rover","that starts at coordinates [0,0]","Orients west and steps","steps two"],"duration":1,"failureMessages":[],"fullName":"A mars rover that starts at coordinates [0,0] Orients west and steps steps two and is at coordinates [-1,2]","location":null,"numPassingAsserts":0,"status":"passed","title":"and is at coordinates [-1,2]"},{"ancestorTitles":["A mars rover","that starts at coordinates [0,0]","Orients west and steps","turns right"],"duration":1,"failureMessages":[],"fullName":"A mars rover that starts at coordinates [0,0] Orients west and steps turns right and is at same coordinates","location":null,"numPassingAsserts":0,"status":"passed","title":"and is at same coordinates"},{"ancestorTitles":["A mars rover","that starts at coordinates [1,1]"],"duration":1,"failureMessages":[],"fullName":"A mars rover that starts at coordinates [1,1] is at coordinate [1,1]","location":null,"numPassingAsserts":0,"status":"passed","title":"is at coordinate [1,1]"}],"sourceMaps":{},"skipped":false,"leaks":false},{"console":[],"failureMessage":null,"numFailingTests":0,"numPassingTests":1,"numPendingTests":0,"perfStats":{"end":1530628909672,"start":1530628909594},"snapshot":{"added":0,"fileDeleted":false,"matched":0,"unchecked":0,"unmatched":0,"updated":0,"uncheckedKeys":[]},"testFilePath":"E:\\V17\\Prototypes\\Individual\\Andy Ainsworth\\Kata\\JavaScript\\Jest\\es6\\kata-es6-mars-rover\\src\\Orientations\\North.test.js","testResults":[{"ancestorTitles":["When facing North starting at coordinate [0,0]","and stepping 1"],"duration":2,"failureMessages":[],"fullName":"When facing North starting at coordinate [0,0] and stepping 1 gives new coordinates [0,-1]","location":null,"numPassingAsserts":0,"status":"passed","title":"gives new coordinates [0,-1]"}],"sourceMaps":{},"skipped":false,"leaks":false},{"console":[{"message":"West stepped 1","origin":"E:\\V17\\Prototypes\\Individual\\Andy Ainsworth\\Kata\\JavaScript\\Jest\\es6\\kata-es6-mars-rover\\src\\Orientations\\West.js:17","type":"log"},{"message":"West stepped to: Coordinates { x: -1, y: 0 }","origin":"E:\\V17\\Prototypes\\Individual\\Andy Ainsworth\\Kata\\JavaScript\\Jest\\es6\\kata-es6-mars-rover\\src\\Orientations\\West.js:19","type":"log"},{"message":"turn Right at  Coordinates { x: -1, y: 0 }","origin":"E:\\V17\\Prototypes\\Individual\\Andy Ainsworth\\Kata\\JavaScript\\Jest\\es6\\kata-es6-mars-rover\\src\\Orientations\\West.js:11","type":"log"},{"message":"North { currentCoordinates: Coordinates { x: -1, y: 0 } }","origin":"E:\\V17\\Prototypes\\Individual\\Andy Ainsworth\\Kata\\JavaScript\\Jest\\es6\\kata-es6-mars-rover\\src\\Orientations\\West.js:12","type":"log"}],"failureMessage":null,"numFailingTests":0,"numPassingTests":2,"numPendingTests":0,"perfStats":{"end":1530628909576,"start":1530628909491},"snapshot":{"added":0,"fileDeleted":false,"matched":0,"unchecked":0,"unmatched":0,"updated":0,"uncheckedKeys":[]},"testFilePath":"E:\\V17\\Prototypes\\Individual\\Andy Ainsworth\\Kata\\JavaScript\\Jest\\es6\\kata-es6-mars-rover\\src\\Orientations\\West.test.js","testResults":[{"ancestorTitles":["When facing West","and stepping"],"duration":3,"failureMessages":[],"fullName":"When facing West and stepping coordinates will be [-1,0]","location":null,"numPassingAsserts":0,"status":"passed","title":"coordinates will be [-1,0]"},{"ancestorTitles":["When facing West","and turning right"],"duration":1,"failureMessages":[],"fullName":"When facing West and turning right will be facing North","location":null,"numPassingAsserts":0,"status":"passed","title":"will be facing North"}],"sourceMaps":{},"skipped":false,"leaks":false}],"wasInterrupted":false}